e:\breakout\breakout\x64\debug\glfw3.dll
e:\breakout\breakout\breakout\x64\debug\vc143.pdb
e:\breakout\breakout\breakout\x64\debug\vc143.idb
e:\breakout\breakout\breakout\x64\debug\texture2d.obj
e:\breakout\breakout\breakout\x64\debug\stb_image.obj
e:\breakout\breakout\breakout\x64\debug\shader.obj
e:\breakout\breakout\breakout\x64\debug\resourcemanager.obj
e:\breakout\breakout\breakout\x64\debug\game.obj
e:\breakout\breakout\breakout\x64\debug\breakout.obj
e:\breakout\breakout\x64\debug\breakout.exe
e:\breakout\breakout\x64\debug\breakout.pdb
e:\breakout\breakout\breakout\x64\debug\breakout.ilk
e:\breakout\breakout\breakout\x64\debug\breakout.tlog\breakout.write.1u.tlog
e:\breakout\breakout\breakout\x64\debug\breakout.tlog\cl.command.1.tlog
e:\breakout\breakout\breakout\x64\debug\breakout.tlog\cl.items.tlog
e:\breakout\breakout\breakout\x64\debug\breakout.tlog\cl.read.1.tlog
e:\breakout\breakout\breakout\x64\debug\breakout.tlog\cl.write.1.tlog
e:\breakout\breakout\breakout\x64\debug\breakout.tlog\link.command.1.tlog
e:\breakout\breakout\breakout\x64\debug\breakout.tlog\link.read.1.tlog
e:\breakout\breakout\breakout\x64\debug\breakout.tlog\link.secondary.1.tlog
e:\breakout\breakout\breakout\x64\debug\breakout.tlog\link.write.1.tlog
