  BallObject.cpp
  GameLevel.cpp
E:\BreakOut\BreakOut\BreakOut\GameLevel.cpp(49,16): warning C4267: “初始化”: 从“size_t”转换到“GLuint”，可能丢失数据
E:\BreakOut\BreakOut\BreakOut\GameLevel.cpp(50,15): warning C4267: “初始化”: 从“size_t”转换到“GLuint”，可能丢失数据
E:\BreakOut\BreakOut\BreakOut\GameLevel.cpp(51,77): warning C4244: “初始化”: 从“GLuint”转换到“GLfloat”，可能丢失数据
  main.cpp
E:\BreakOut\BreakOut\BreakOut\main.cpp(71,24): warning C4244: “初始化”: 从“double”转换到“GLfloat”，可能丢失数据
  Game.cpp
E:\BreakOut\BreakOut\BreakOut\Game.cpp(83,70): warning C4244: “参数”: 从“double”转换到“GLuint”，可能丢失数据
E:\BreakOut\BreakOut\BreakOut\Game.cpp(84,70): warning C4244: “参数”: 从“double”转换到“GLuint”，可能丢失数据
E:\BreakOut\BreakOut\BreakOut\Game.cpp(85,76): warning C4244: “参数”: 从“double”转换到“GLuint”，可能丢失数据
E:\BreakOut\BreakOut\BreakOut\Game.cpp(86,73): warning C4244: “参数”: 从“double”转换到“GLuint”，可能丢失数据
E:\BreakOut\BreakOut\BreakOut\Game.cpp(163,88): warning C4244: “参数”: 从“float”转换到“GLuint”，可能丢失数据
E:\BreakOut\BreakOut\BreakOut\Game.cpp(165,68): warning C4244: “参数”: 从“float”转换到“GLuint”，可能丢失数据
E:\BreakOut\BreakOut\BreakOut\Game.cpp(167,70): warning C4244: “参数”: 从“float”转换到“GLuint”，可能丢失数据
E:\BreakOut\BreakOut\BreakOut\Game.cpp(169,69): warning C4244: “参数”: 从“float”转换到“GLuint”，可能丢失数据
  GameObject.cpp
  ResourceManager.cpp
  Shader.cpp
  SpriteRenderer.cpp
  stb_image.cpp
  Texture2D.cpp
  正在生成代码
  Previous IPDB not found, fall back to full compilation.
E:\BreakOut\BreakOut\BreakOut\ResourceManager.cpp(85): warning C4172: 返回局部变量或临时变量的地址: shader
E:\BreakOut\BreakOut\BreakOut\ResourceManager.cpp(104): warning C4172: 返回局部变量或临时变量的地址: texture
  All 949 functions were compiled because no usable IPDB/IOBJ from previous compilation was found.
  已完成代码的生成
  BreakOut.vcxproj -> E:\BreakOut\BreakOut\x64\Release\BreakOut.exe
  'pwsh.exe' 不是内部或外部命令，也不是可运行的程序
  或批处理文件。
